# JRE version: Java(TM) SE Runtime Environment (8.0_91-b14) (build 1.8.0_91-b14)
# Java VM: Java HotSpot(TM) 64-Bit Server VM (25.91-b14 mixed mode bsd-amd64 compressed oops)
Heap:
 PSYoungGen      total 75776K, used 57102K [0x000000076ab00000, 0x0000000770c80000, 0x00000007c0000000)
  eden space 65536K, 73% used [0x000000076ab00000,0x000000076da14268,0x000000076eb00000)
  from space 10240K, 86% used [0x000000076eb00000,0x000000076f3af968,0x000000076f500000)
  to   space 11264K, 0% used [0x0000000770180000,0x0000000770180000,0x0000000770c80000)
 ParOldGen       total 142336K, used 83825K [0x00000006c0000000, 0x00000006c8b00000, 0x000000076ab00000)
  object space 142336K, 58% used [0x00000006c0000000,0x00000006c51dc7b8,0x00000006c8b00000)
 Metaspace       used 23520K, capacity 23830K, committed 24064K, reserved 1071104K
  class space    used 3153K, capacity 3250K, committed 3328K, reserved 1048576K
GC Heap History (10 events):
Event: 8665.332 GC heap before
{Heap before GC invocations=3344 (full 73):
 PSYoungGen      total 52224K, used 50656K [0x000000076ab00000, 0x000000076e300000, 0x00000007c0000000)
  eden space 48128K, 100% used [0x000000076ab00000,0x000000076da00000,0x000000076da00000)
  from space 4096K, 61% used [0x000000076df00000,0x000000076e178000,0x000000076e300000)
  to   space 4608K, 0% used [0x000000076da00000,0x000000076da00000,0x000000076de80000)
 ParOldGen       total 142336K, used 57341K [0x00000006c0000000, 0x00000006c8b00000, 0x000000076ab00000)
  object space 142336K, 40% used [0x00000006c0000000,0x00000006c37ff508,0x00000006c8b00000)
 Metaspace       used 23512K, capacity 23830K, committed 24064K, reserved 1071104K
  class space    used 3153K, capacity 3250K, committed 3328K, reserved 1048576K
Event: 8665.339 GC heap after
Heap after GC invocations=3344 (full 73):
 PSYoungGen      total 52736K, used 3618K [0x000000076ab00000, 0x000000076ec00000, 0x00000007c0000000)
  eden space 48128K, 0% used [0x000000076ab00000,0x000000076ab00000,0x000000076da00000)
  from space 4608K, 78% used [0x000000076da00000,0x000000076dd888e0,0x000000076de80000)
  to   space 5120K, 0% used [0x000000076e700000,0x000000076e700000,0x000000076ec00000)
 ParOldGen       total 142336K, used 70912K [0x00000006c0000000, 0x00000006c8b00000, 0x000000076ab00000)
  object space 142336K, 49% used [0x00000006c0000000,0x00000006c4540138,0x00000006c8b00000)
 Metaspace       used 23512K, capacity 23830K, committed 24064K, reserved 1071104K
  class space    used 3153K, capacity 3250K, committed 3328K, reserved 1048576K
}
Event: 8665.491 GC heap before
{Heap before GC invocations=3345 (full 73):
 PSYoungGen      total 52736K, used 49413K [0x000000076ab00000, 0x000000076ec00000, 0x00000007c0000000)
  eden space 48128K, 95% used [0x000000076ab00000,0x000000076d7b8bc0,0x000000076da00000)
  from space 4608K, 78% used [0x000000076da00000,0x000000076dd888e0,0x000000076de80000)
  to   space 5120K, 0% used [0x000000076e700000,0x000000076e700000,0x000000076ec00000)
 ParOldGen       total 142336K, used 70912K [0x00000006c0000000, 0x00000006c8b00000, 0x000000076ab00000)
  object space 142336K, 49% used [0x00000006c0000000,0x00000006c4540138,0x00000006c8b00000)
 Metaspace       used 23514K, capacity 23830K, committed 24064K, reserved 1071104K
  class space    used 3153K, capacity 3250K, committed 3328K, reserved 1048576K
Event: 8665.494 GC heap after
Heap after GC invocations=3345 (full 73):
 PSYoungGen      total 61440K, used 2353K [0x000000076ab00000, 0x000000076ec00000, 0x00000007c0000000)
  eden space 56320K, 0% used [0x000000076ab00000,0x000000076ab00000,0x000000076e200000)
  from space 5120K, 45% used [0x000000076e700000,0x000000076e94c5a8,0x000000076ec00000)
  to   space 5120K, 0% used [0x000000076e200000,0x000000076e200000,0x000000076e700000)
 ParOldGen       total 142336K, used 70960K [0x00000006c0000000, 0x00000006c8b00000, 0x000000076ab00000)
  object space 142336K, 49% used [0x00000006c0000000,0x00000006c454c138,0x00000006c8b00000)
 Metaspace       used 23514K, capacity 23830K, committed 24064K, reserved 1071104K
  class space    used 3153K, capacity 3250K, committed 3328K, reserved 1048576K
}
Event: 8665.715 GC heap before
{Heap before GC invocations=3346 (full 73):
 PSYoungGen      total 61440K, used 58673K [0x000000076ab00000, 0x000000076ec00000, 0x00000007c0000000)
  eden space 56320K, 100% used [0x000000076ab00000,0x000000076e200000,0x000000076e200000)
  from space 5120K, 45% used [0x000000076e700000,0x000000076e94c5a8,0x000000076ec00000)
  to   space 5120K, 0% used [0x000000076e200000,0x000000076e200000,0x000000076e700000)
 ParOldGen       total 142336K, used 70960K [0x00000006c0000000, 0x00000006c8b00000, 0x000000076ab00000)
  object space 142336K, 49% used [0x00000006c0000000,0x00000006c454c138,0x00000006c8b00000)
 Metaspace       used 23519K, capacity 23830K, committed 24064K, reserved 1071104K
  class space    used 3153K, capacity 3250K, committed 3328K, reserved 1048576K
Event: 8665.725 GC heap after
Heap after GC invocations=3346 (full 73):
 PSYoungGen      total 61440K, used 5099K [0x000000076ab00000, 0x000000076fe00000, 0x00000007c0000000)
  eden space 56320K, 0% used [0x000000076ab00000,0x000000076ab00000,0x000000076e200000)
  from space 5120K, 99% used [0x000000076e200000,0x000000076e6facb0,0x000000076e700000)
  to   space 9216K, 0% used [0x000000076f500000,0x000000076f500000,0x000000076fe00000)
 ParOldGen       total 142336K, used 80526K [0x00000006c0000000, 0x00000006c8b00000, 0x000000076ab00000)
  object space 142336K, 56% used [0x00000006c0000000,0x00000006c4ea38a8,0x00000006c8b00000)
 Metaspace       used 23519K, capacity 23830K, committed 24064K, reserved 1071104K
  class space    used 3153K, capacity 3250K, committed 3328K, reserved 1048576K
}
Event: 8667.431 GC heap before
{Heap before GC invocations=3347 (full 73):
 PSYoungGen      total 61440K, used 60032K [0x000000076ab00000, 0x000000076fe00000, 0x00000007c0000000)
  eden space 56320K, 97% used [0x000000076ab00000,0x000000076e0a53a0,0x000000076e200000)
  from space 5120K, 99% used [0x000000076e200000,0x000000076e6facb0,0x000000076e700000)
  to   space 9216K, 0% used [0x000000076f500000,0x000000076f500000,0x000000076fe00000)
 ParOldGen       total 142336K, used 80526K [0x00000006c0000000, 0x00000006c8b00000, 0x000000076ab00000)
  object space 142336K, 56% used [0x00000006c0000000,0x00000006c4ea38a8,0x00000006c8b00000)
 Metaspace       used 23519K, capacity 23830K, committed 24064K, reserved 1071104K
  class space    used 3153K, capacity 3250K, committed 3328K, reserved 1048576K
Event: 8667.435 GC heap after
Heap after GC invocations=3347 (full 73):
 PSYoungGen      total 74752K, used 6710K [0x000000076ab00000, 0x000000076ff80000, 0x00000007c0000000)
  eden space 65536K, 0% used [0x000000076ab00000,0x000000076ab00000,0x000000076eb00000)
  from space 9216K, 72% used [0x000000076f500000,0x000000076fb8da40,0x000000076fe00000)
  to   space 10240K, 0% used [0x000000076eb00000,0x000000076eb00000,0x000000076f500000)
 ParOldGen       total 142336K, used 83793K [0x00000006c0000000, 0x00000006c8b00000, 0x000000076ab00000)
  object space 142336K, 58% used [0x00000006c0000000,0x00000006c51d47b8,0x00000006c8b00000)
 Metaspace       used 23519K, capacity 23830K, committed 24064K, reserved 1071104K
  class space    used 3153K, capacity 3250K, committed 3328K, reserved 1048576K
}
Event: 8667.911 GC heap before
{Heap before GC invocations=3348 (full 73):
 PSYoungGen      total 74752K, used 61327K [0x000000076ab00000, 0x000000076ff80000, 0x00000007c0000000)
  eden space 65536K, 83% used [0x000000076ab00000,0x000000076e056430,0x000000076eb00000)
  from space 9216K, 72% used [0x000000076f500000,0x000000076fb8da40,0x000000076fe00000)
  to   space 10240K, 0% used [0x000000076eb00000,0x000000076eb00000,0x000000076f500000)
 ParOldGen       total 142336K, used 83793K [0x00000006c0000000, 0x00000006c8b00000, 0x000000076ab00000)
  object space 142336K, 58% used [0x00000006c0000000,0x00000006c51d47b8,0x00000006c8b00000)
 Metaspace       used 23519K, capacity 23830K, committed 24064K, reserved 1071104K
  class space    used 3153K, capacity 3250K, committed 3328K, reserved 1048576K
Event: 8667.916 GC heap after
Heap after GC invocations=3348 (full 73):
 PSYoungGen      total 75776K, used 8894K [0x000000076ab00000, 0x0000000770c80000, 0x00000007c0000000)
  eden space 65536K, 0% used [0x000000076ab00000,0x000000076ab00000,0x000000076eb00000)
  from space 10240K, 86% used [0x000000076eb00000,0x000000076f3af968,0x000000076f500000)
  to   space 11264K, 0% used [0x0000000770180000,0x0000000770180000,0x0000000770c80000)
 ParOldGen       total 142336K, used 83825K [0x00000006c0000000, 0x00000006c8b00000, 0x000000076ab00000)
  object space 142336K, 58% used [0x00000006c0000000,0x00000006c51dc7b8,0x00000006c8b00000)
 Metaspace       used 23519K, capacity 23830K, committed 24064K, reserved 1071104K
  class space    used 3153K, capacity 3250K, committed 3328K, reserved 1048576K
}

