# JRE version: Java(TM) SE Runtime Environment (8.0_91-b14) (build 1.8.0_91-b14)
# Java VM: Java HotSpot(TM) 64-Bit Server VM (25.91-b14 mixed mode bsd-amd64 compressed oops)
Heap:
 PSYoungGen      total 249856K, used 31595K [0x000000076ab00000, 0x000000077e200000, 0x00000007c0000000)
  eden space 208384K, 9% used [0x000000076ab00000,0x000000076bd62c18,0x0000000777680000)
  from space 41472K, 30% used [0x0000000777680000,0x00000007782f80f0,0x0000000779f00000)
  to   space 40960K, 0% used [0x000000077ba00000,0x000000077ba00000,0x000000077e200000)
 ParOldGen       total 190976K, used 80039K [0x00000006c0000000, 0x00000006cba80000, 0x000000076ab00000)
  object space 190976K, 41% used [0x00000006c0000000,0x00000006c4e29de0,0x00000006cba80000)
 Metaspace       used 21657K, capacity 21964K, committed 22144K, reserved 1069056K
  class space    used 3089K, capacity 3163K, committed 3200K, reserved 1048576K
GC Heap History (10 events):
Event: 673.261 GC heap before
{Heap before GC invocations=628 (full 13):
 PSYoungGen      total 198144K, used 181696K [0x000000076ab00000, 0x0000000779980000, 0x00000007c0000000)
  eden space 167936K, 100% used [0x000000076ab00000,0x0000000774f00000,0x0000000774f00000)
  from space 30208K, 45% used [0x0000000776b80000,0x00000007778f0180,0x0000000778900000)
  to   space 29184K, 0% used [0x0000000774f00000,0x0000000774f00000,0x0000000776b80000)
 ParOldGen       total 190976K, used 75685K [0x00000006c0000000, 0x00000006cba80000, 0x000000076ab00000)
  object space 190976K, 39% used [0x00000006c0000000,0x00000006c49e9560,0x00000006cba80000)
 Metaspace       used 21652K, capacity 21964K, committed 22144K, reserved 1069056K
  class space    used 3089K, capacity 3163K, committed 3200K, reserved 1048576K
Event: 673.267 GC heap after
Heap after GC invocations=628 (full 13):
 PSYoungGen      total 197120K, used 29171K [0x000000076ab00000, 0x000000077a280000, 0x00000007c0000000)
  eden space 167936K, 0% used [0x000000076ab00000,0x000000076ab00000,0x0000000774f00000)
  from space 29184K, 99% used [0x0000000774f00000,0x0000000776b7cce8,0x0000000776b80000)
  to   space 33280K, 0% used [0x0000000778200000,0x0000000778200000,0x000000077a280000)
 ParOldGen       total 190976K, used 76859K [0x00000006c0000000, 0x00000006cba80000, 0x000000076ab00000)
  object space 190976K, 40% used [0x00000006c0000000,0x00000006c4b0eed0,0x00000006cba80000)
 Metaspace       used 21652K, capacity 21964K, committed 22144K, reserved 1069056K
  class space    used 3089K, capacity 3163K, committed 3200K, reserved 1048576K
}
Event: 674.218 GC heap before
{Heap before GC invocations=629 (full 13):
 PSYoungGen      total 197120K, used 197107K [0x000000076ab00000, 0x000000077a280000, 0x00000007c0000000)
  eden space 167936K, 100% used [0x000000076ab00000,0x0000000774f00000,0x0000000774f00000)
  from space 29184K, 99% used [0x0000000774f00000,0x0000000776b7cce8,0x0000000776b80000)
  to   space 33280K, 0% used [0x0000000778200000,0x0000000778200000,0x000000077a280000)
 ParOldGen       total 190976K, used 76859K [0x00000006c0000000, 0x00000006cba80000, 0x000000076ab00000)
  object space 190976K, 40% used [0x00000006c0000000,0x00000006c4b0eed0,0x00000006cba80000)
 Metaspace       used 21653K, capacity 21964K, committed 22144K, reserved 1069056K
  class space    used 3089K, capacity 3163K, committed 3200K, reserved 1048576K
Event: 674.238 GC heap after
Heap after GC invocations=629 (full 13):
 PSYoungGen      total 217088K, used 30056K [0x000000076ab00000, 0x000000077ac80000, 0x00000007c0000000)
  eden space 183808K, 0% used [0x000000076ab00000,0x000000076ab00000,0x0000000775e80000)
  from space 33280K, 90% used [0x0000000778200000,0x0000000779f5a338,0x000000077a280000)
  to   space 36352K, 0% used [0x0000000775e80000,0x0000000775e80000,0x0000000778200000)
 ParOldGen       total 190976K, used 76859K [0x00000006c0000000, 0x00000006cba80000, 0x000000076ab00000)
  object space 190976K, 40% used [0x00000006c0000000,0x00000006c4b0eed0,0x00000006cba80000)
 Metaspace       used 21653K, capacity 21964K, committed 22144K, reserved 1069056K
  class space    used 3089K, capacity 3163K, committed 3200K, reserved 1048576K
}
Event: 675.418 GC heap before
{Heap before GC invocations=630 (full 13):
 PSYoungGen      total 217088K, used 213864K [0x000000076ab00000, 0x000000077ac80000, 0x00000007c0000000)
  eden space 183808K, 100% used [0x000000076ab00000,0x0000000775e80000,0x0000000775e80000)
  from space 33280K, 90% used [0x0000000778200000,0x0000000779f5a338,0x000000077a280000)
  to   space 36352K, 0% used [0x0000000775e80000,0x0000000775e80000,0x0000000778200000)
 ParOldGen       total 190976K, used 76859K [0x00000006c0000000, 0x00000006cba80000, 0x000000076ab00000)
  object space 190976K, 40% used [0x00000006c0000000,0x00000006c4b0eed0,0x00000006cba80000)
 Metaspace       used 21656K, capacity 21964K, committed 22144K, reserved 1069056K
  class space    used 3089K, capacity 3163K, committed 3200K, reserved 1048576K
Event: 675.429 GC heap after
Heap after GC invocations=630 (full 13):
 PSYoungGen      total 220160K, used 36100K [0x000000076ab00000, 0x000000077c780000, 0x00000007c0000000)
  eden space 183808K, 0% used [0x000000076ab00000,0x000000076ab00000,0x0000000775e80000)
  from space 36352K, 99% used [0x0000000775e80000,0x00000007781c11b8,0x0000000778200000)
  to   space 41472K, 0% used [0x0000000779f00000,0x0000000779f00000,0x000000077c780000)
 ParOldGen       total 190976K, used 76859K [0x00000006c0000000, 0x00000006cba80000, 0x000000076ab00000)
  object space 190976K, 40% used [0x00000006c0000000,0x00000006c4b0eed0,0x00000006cba80000)
 Metaspace       used 21656K, capacity 21964K, committed 22144K, reserved 1069056K
  class space    used 3089K, capacity 3163K, committed 3200K, reserved 1048576K
}
Event: 676.270 GC heap before
{Heap before GC invocations=631 (full 13):
 PSYoungGen      total 220160K, used 219908K [0x000000076ab00000, 0x000000077c780000, 0x00000007c0000000)
  eden space 183808K, 100% used [0x000000076ab00000,0x0000000775e80000,0x0000000775e80000)
  from space 36352K, 99% used [0x0000000775e80000,0x00000007781c11b8,0x0000000778200000)
  to   space 41472K, 0% used [0x0000000779f00000,0x0000000779f00000,0x000000077c780000)
 ParOldGen       total 190976K, used 76859K [0x00000006c0000000, 0x00000006cba80000, 0x000000076ab00000)
  object space 190976K, 40% used [0x00000006c0000000,0x00000006c4b0eed0,0x00000006cba80000)
 Metaspace       used 21656K, capacity 21964K, committed 22144K, reserved 1069056K
  class space    used 3089K, capacity 3163K, committed 3200K, reserved 1048576K
Event: 676.283 GC heap after
Heap after GC invocations=631 (full 13):
 PSYoungGen      total 249856K, used 26681K [0x000000076ab00000, 0x000000077c900000, 0x00000007c0000000)
  eden space 208384K, 0% used [0x000000076ab00000,0x000000076ab00000,0x0000000777680000)
  from space 41472K, 64% used [0x0000000779f00000,0x000000077b90e488,0x000000077c780000)
  to   space 41472K, 0% used [0x0000000777680000,0x0000000777680000,0x0000000779f00000)
 ParOldGen       total 190976K, used 80039K [0x00000006c0000000, 0x00000006cba80000, 0x000000076ab00000)
  object space 190976K, 41% used [0x00000006c0000000,0x00000006c4e29de0,0x00000006cba80000)
 Metaspace       used 21656K, capacity 21964K, committed 22144K, reserved 1069056K
  class space    used 3089K, capacity 3163K, committed 3200K, reserved 1048576K
}
Event: 677.670 GC heap before
{Heap before GC invocations=632 (full 13):
 PSYoungGen      total 249856K, used 233455K [0x000000076ab00000, 0x000000077c900000, 0x00000007c0000000)
  eden space 208384K, 99% used [0x000000076ab00000,0x00000007774eda28,0x0000000777680000)
  from space 41472K, 64% used [0x0000000779f00000,0x000000077b90e488,0x000000077c780000)
  to   space 41472K, 0% used [0x0000000777680000,0x0000000777680000,0x0000000779f00000)
 ParOldGen       total 190976K, used 80039K [0x00000006c0000000, 0x00000006cba80000, 0x000000076ab00000)
  object space 190976K, 41% used [0x00000006c0000000,0x00000006c4e29de0,0x00000006cba80000)
 Metaspace       used 21657K, capacity 21964K, committed 22144K, reserved 1069056K
  class space    used 3089K, capacity 3163K, committed 3200K, reserved 1048576K
Event: 677.678 GC heap after
Heap after GC invocations=632 (full 13):
 PSYoungGen      total 249856K, used 12768K [0x000000076ab00000, 0x000000077e200000, 0x00000007c0000000)
  eden space 208384K, 0% used [0x000000076ab00000,0x000000076ab00000,0x0000000777680000)
  from space 41472K, 30% used [0x0000000777680000,0x00000007782f80f0,0x0000000779f00000)
  to   space 40960K, 0% used [0x000000077ba00000,0x000000077ba00000,0x000000077e200000)
 ParOldGen       total 190976K, used 80039K [0x00000006c0000000, 0x00000006cba80000, 0x000000076ab00000)
  object space 190976K, 41% used [0x00000006c0000000,0x00000006c4e29de0,0x00000006cba80000)
 Metaspace       used 21657K, capacity 21964K, committed 22144K, reserved 1069056K
  class space    used 3089K, capacity 3163K, committed 3200K, reserved 1048576K
}

